02-03-2017 12:51 toto has renametiti.pngin$current_file_url
02-03-2017 12:52 toto has rename toto.png in uploads/toto/toto.png
02-03-2017 12:52 toto has rename toto.png in uploads/toto/toto.png
02-03-2017 12:53 toto has rename ok.png in t.png
02-03-2017 12:58 toto has delete 
02-03-2017 12:58 toto has delete 
02-03-2017 12:58 toto has delete 
02-03-2017 13:00 toto has delete uploads/toto/t.png
02-03-2017 13:01 toto has upload  type text
02-03-2017 13:02 toto has upload faire filer.txt type text
02-03-2017 13:04 toto has upload CV Damien Nivault.docx type text
02-03-2017 13:04 toto has upload Situation1.png type image
02-03-2017 13:05 toto has upload adidas.png type image
02-03-2017 13:05 toto has upload cageTarget.png type image
02-03-2017 13:05 toto has upload logo.png type image
02-03-2017 13:06 toto has delete uploads/toto/Situation1.png
02-03-2017 13:11 toto disconnected
02-03-2017 13:12 titi logged in
02-03-2017 13:13 titi has upload looseSoocer.png type image
02-03-2017 13:19 titi has upload looseSoocer.png type image
02-03-2017 13:20 titi has upload looseSoocer.png type image
02-03-2017 13:20 titi has upload looseSoocer.png type image
02-03-2017 13:20 titi has upload looseSoocer.png type image
02-03-2017 13:21 titi has upload looseSoocer.png type image
02-03-2017 13:22 titi has upload looseSoocer.png type image
02-03-2017 13:29 titi has delete uploads/titi/looseSoocer.png
02-03-2017 13:30 titi has upload logo1.png type image
02-03-2017 13:30 titi has upload marketImg1.png type image
02-03-2017 13:30 titi has upload pogba.png type image
02-03-2017 13:30 titi has upload situation1.png type image
02-03-2017 13:30 titi has delete uploads/titi/situation1.png
02-03-2017 14:01 titi has upload animateGallery.txt type text
02-03-2017 14:29 titi has upload animateGallery.txt type text
02-03-2017 14:30 titi has upload CV Damien Nivault.pdf type pdf
02-03-2017 14:30 titi has delete uploads/titi/CV Damien Nivault.pdf
02-03-2017 14:30 titi has upload CV Damien Nivault.pdf type pdf
02-03-2017 14:31 titi has delete uploads/titi/logo1.png
02-03-2017 14:31 titi has delete uploads/titi/marketImg1.png
02-03-2017 14:31 titi has delete uploads/titi/pogba.png
02-03-2017 14:31 titi has delete uploads/titi/animateGallery.txt
02-03-2017 14:31 titi has delete uploads/titi/CV Damien Nivault.pdf
02-03-2017 14:31 titi has upload Anglais.txt type text
02-03-2017 14:32 titi has upload dlfichie.txt type text
02-03-2017 14:32 titi has upload animateGallery.txt type text
02-03-2017 14:32 titi has delete uploads/titi/
02-03-2017 14:33 titi has rename toto in titi
02-03-2017 14:34 titi has upload git.txt type text
02-03-2017 14:35 titi has upload picture.txt type text
02-03-2017 14:36 titi has upload progra upload.txt type text
02-03-2017 14:36 titi has delete uploads/titi/titi
02-03-2017 14:36 titi has delete uploads/titi/tititext
02-03-2017 14:36 titi has delete uploads/titi/ohoh
02-03-2017 14:36 titi has delete uploads/titi/hihi
02-03-2017 14:36 titi has delete uploads/titi/totototo
02-03-2017 14:37 titi has upload CV Damien Nivault.pdf type pdf
02-03-2017 14:37 titi has upload faire filer.txt type text
02-03-2017 14:38 titi has upload account.txt type text
02-03-2017 14:38 titi has upload go.txt type text
02-03-2017 14:38 titi has upload Démonstration de projet.docx type text
02-03-2017 14:39 titi has upload progra upload.txt type text
02-03-2017 14:40 titi has upload Anglais.txt type text
02-03-2017 14:42 titi has delete uploads/titi/titi
02-03-2017 14:42 titi has delete uploads/titi/CV Damien Nivault.pdf
02-03-2017 14:42 titi has delete uploads/titi/faire filer.txt
02-03-2017 14:42 titi has delete uploads/titi/account.txt
02-03-2017 14:42 titi has delete uploads/titi/go.txt
02-03-2017 14:42 titi has delete uploads/titi/Démonstration de projet.docx
02-03-2017 14:43 titi has delete uploads/titi/toto
02-03-2017 19:42 titi has upload Anglais.txt type text
02-03-2017 19:42 titi has upload gopher.png type image
02-03-2017 19:43 titi has rename go in tototototot
04-03-2017 10:59 titi logged in
04-03-2017 12:07 titi disconnected
04-03-2017 12:07 toto logged in
04-03-2017 12:15 toto disconnected
04-03-2017 12:33 titi logged in
04-03-2017 14:15 titi logged in
04-03-2017 14:21 titi has upload CV Damien Nivault.pdf type pdf
04-03-2017 14:24 titi has delete uploads/titi/CV Damien Nivault.pdf
04-03-2017 14:24 titi has upload cvDamien.pdf type pdf
04-03-2017 15:11 titi has upload CV Damien Nivault.docx type text
04-03-2017 15:13 titi has upload gopher.png type image
04-03-2017 15:13 titi has upload gopher.png type image
04-03-2017 15:16 titi has upload gopher.png type image
04-03-2017 16:10 titi has upload gopher.png type image
04-03-2017 16:16 titi has upload gopher.png type image
04-03-2017 16:17 titi has upload gopher.png type image
04-03-2017 16:17 titi has upload gopher.png type image
04-03-2017 16:18 titi disconnected
