08-03-2017 15:43 Please enter a correct password in the confirm
08-03-2017 15:43 Email already exist
08-03-2017 15:43 invalid Email
08-03-2017 15:43 Please enter a correct password in the confirm
08-03-2017 15:43 Please enter a correct password in the confirm
08-03-2017 15:43 Email already exist
08-03-2017 15:43 invalid Email
08-03-2017 15:43 Please enter a correct password in the confirm
08-03-2017 15:43 Email already exist
08-03-2017 15:47 The confirm password is different
08-03-2017 15:47 The confirm password is different
08-03-2017 15:47 The confirm password is different
08-03-2017 15:48 The confirm password is different
08-03-2017 15:48  user enter an email is already exist  
08-03-2017 15:48 User enter an invalid email 
08-03-2017 15:48 The confirm password is different
08-03-2017 15:48  user enter an email is already exist  
08-03-2017 15:48 User enter an invalid email 
08-03-2017 15:48 The confirm password is different
08-03-2017 15:48  user enter an email is already exist  
08-03-2017 15:48 The confirm password is different
08-03-2017 15:48  user enter an email is already exist  
08-03-2017 15:53 The confirm password is different
08-03-2017 15:53 The confirm password is different
08-03-2017 15:54 The confirm password is different
08-03-2017 15:54 User enter an invalid email
08-03-2017 19:27 a user enter wrong log
08-03-2017 19:28 a user enter wrong log
08-03-2017 19:29 The confirm password is different
08-03-2017 19:29 User enter an invalid email
08-03-2017 19:29 The confirm password is different
08-03-2017 19:39  user enter an email already exist  
08-03-2017 19:39 The confirm password is different
08-03-2017 19:39  user enter an email already exist  
08-03-2017 19:52 User forget information
08-03-2017 19:52 User forget information
08-03-2017 19:52 User forget information
08-03-2017 19:53 User forget information
08-03-2017 19:53 User forget information
08-03-2017 19:53 User forget information
08-03-2017 19:54 User forget information
08-03-2017 19:55 User forget information
08-03-2017 19:56 User forget information
08-03-2017 19:57 User forget information
08-03-2017 19:57 a user enter wrong log
08-03-2017 19:57 a user enter wrong log
08-03-2017 19:57 a user enter wrong log
08-03-2017 19:57 a user enter wrong log
08-03-2017 19:57 a user enter wrong log
08-03-2017 19:58 a user enter wrong log
08-03-2017 19:58 a user enter wrong log
08-03-2017 19:58 a user enter wrong log
08-03-2017 20:01 toto try to upload a wrong file
08-03-2017 20:02 toto try to upload a wrong file
08-03-2017 20:02 toto try to upload a wrong file
08-03-2017 20:02 toto try to upload a wrong file
08-03-2017 20:04 toto try to upload a wrong file
08-03-2017 20:04 toto try to upload a wrong file
08-03-2017 20:04 toto try to upload a wrong file
08-03-2017 20:04 toto try to upload a wrong file
